[0m15:31:56.122482 [debug] [MainThread]: Sending event: {'category': 'dbt', 'action': 'invocation', 'label': 'start', 'context': [<snowplow_tracker.self_describing_json.SelfDescribingJson object at 0x10d0d3a10>, <snowplow_tracker.self_describing_json.SelfDescribingJson object at 0x10ec8fd90>, <snowplow_tracker.self_describing_json.SelfDescribingJson object at 0x10ec8fc50>]}


============================== 15:31:56.128603 | 84255520-f209-4917-96a0-5b8771c99a69 ==============================
[0m15:31:56.128603 [info ] [MainThread]: Running with dbt=1.10.11
[0m15:31:56.129203 [debug] [MainThread]: running dbt with arguments {'profiles_dir': '/Users/hado/.dbt', 'log_format': 'default', 'log_cache_events': 'False', 'no_print': 'None', 'use_colors': 'True', 'version_check': 'True', 'log_path': 'logs', 'partial_parse': 'True', 'empty': 'None', 'printer_width': '80', 'introspect': 'True', 'indirect_selection': 'eager', 'warn_error': 'None', 'static_parser': 'True', 'quiet': 'False', 'invocation_command': 'dbt init zillow_transformation', 'warn_error_options': 'WarnErrorOptionsV2(error=[], warn=[], silence=[])', 'fail_fast': 'False', 'debug': 'False', 'use_experimental_parser': 'False', 'send_anonymous_usage_stats': 'True', 'write_json': 'True', 'target_path': 'None', 'cache_selected_only': 'False'}
[0m15:31:56.151431 [debug] [MainThread]: Starter project path: /opt/anaconda3/envs/project_learning/lib/python3.13/site-packages/dbt/include/starter_project
[0m15:31:56.156860 [info ] [MainThread]: 
Your new dbt project "zillow_transformation" was created!

For more information on how to configure the profiles.yml file,
please consult the dbt documentation here:

  https://docs.getdbt.com/docs/configure-your-profile

One more thing:

Need help? Don't hesitate to reach out to us via GitHub issues or on Slack:

  https://community.getdbt.com/

Happy modeling!

[0m15:31:56.157499 [info ] [MainThread]: Setting up your profile.
[0m15:35:09.365581 [info ] [MainThread]: Profile zillow_transformation written to /Users/hado/.dbt/profiles.yml using target's profile_template.yml and your supplied values. Run 'dbt debug' to validate the connection.
[0m15:35:09.435651 [debug] [MainThread]: Resource report: {"command_name": "init", "command_success": true, "command_wall_clock_time": 193.4216, "process_in_blocks": "0", "process_kernel_time": 0.278318, "process_mem_max_rss": "102412288", "process_out_blocks": "0", "process_user_time": 1.317592}
[0m15:35:09.440548 [debug] [MainThread]: Command `dbt init` succeeded at 15:35:09.439499 after 193.43 seconds
[0m15:35:09.445120 [debug] [MainThread]: Sending event: {'category': 'dbt', 'action': 'invocation', 'label': 'end', 'context': [<snowplow_tracker.self_describing_json.SelfDescribingJson object at 0x10f46de00>, <snowplow_tracker.self_describing_json.SelfDescribingJson object at 0x10d1a6450>, <snowplow_tracker.self_describing_json.SelfDescribingJson object at 0x10ed94af0>]}
[0m15:35:09.447714 [debug] [MainThread]: Flushing usage events
[0m15:35:10.247830 [debug] [MainThread]: An error was encountered while trying to flush usage events
[0m15:35:23.314184 [debug] [MainThread]: Sending event: {'category': 'dbt', 'action': 'invocation', 'label': 'start', 'context': [<snowplow_tracker.self_describing_json.SelfDescribingJson object at 0x10f9c7a10>, <snowplow_tracker.self_describing_json.SelfDescribingJson object at 0x11158bd90>, <snowplow_tracker.self_describing_json.SelfDescribingJson object at 0x11158bc50>]}


============================== 15:35:23.319346 | a50dd8b2-6dd8-4f6c-8452-f918a6d2065e ==============================
[0m15:35:23.319346 [info ] [MainThread]: Running with dbt=1.10.11
[0m15:35:23.319928 [debug] [MainThread]: running dbt with arguments {'use_colors': 'True', 'partial_parse': 'True', 'warn_error_options': 'WarnErrorOptionsV2(error=[], warn=[], silence=[])', 'indirect_selection': 'eager', 'use_experimental_parser': 'False', 'introspect': 'True', 'warn_error': 'None', 'log_cache_events': 'False', 'no_print': 'None', 'profiles_dir': '/Users/hado/.dbt', 'fail_fast': 'False', 'empty': 'None', 'send_anonymous_usage_stats': 'True', 'write_json': 'True', 'log_path': 'logs', 'version_check': 'True', 'debug': 'False', 'invocation_command': 'dbt debug', 'static_parser': 'True', 'target_path': 'None', 'cache_selected_only': 'False', 'printer_width': '80', 'log_format': 'default', 'quiet': 'False'}
[0m15:35:23.335495 [info ] [MainThread]: dbt version: 1.10.11
[0m15:35:23.336253 [info ] [MainThread]: python version: 3.13.5
[0m15:35:23.336628 [info ] [MainThread]: python path: /opt/anaconda3/envs/project_learning/bin/python3.13
[0m15:35:23.336889 [info ] [MainThread]: os info: macOS-10.16-x86_64-i386-64bit-Mach-O
[0m15:35:23.472774 [info ] [MainThread]: Error importing adapter: No module named 'dbt.adapters.snowflake'
[0m15:35:23.474975 [info ] [MainThread]: Using profiles dir at /Users/hado/.dbt
[0m15:35:23.475324 [info ] [MainThread]: Using profiles.yml file at /Users/hado/.dbt/profiles.yml
[0m15:35:23.475588 [info ] [MainThread]: Using dbt_project.yml file at /Users/hado/Desktop/Career/Coding/Data Engineer/Project/real_estate_transformation/dbt_project.yml
[0m15:35:23.475876 [info ] [MainThread]: Configuration:
[0m15:35:23.476113 [info ] [MainThread]:   profiles.yml file [[31mERROR invalid[0m]
[0m15:35:23.476347 [info ] [MainThread]:   dbt_project.yml file [[31mERROR not found[0m]
[0m15:35:23.476578 [info ] [MainThread]: Required dependencies:
[0m15:35:23.476895 [debug] [MainThread]: Executing "git --help"
[0m15:35:23.635860 [debug] [MainThread]: STDOUT: "b"usage: git [-v | --version] [-h | --help] [-C <path>] [-c <name>=<value>]\n           [--exec-path[=<path>]] [--html-path] [--man-path] [--info-path]\n           [-p | --paginate | -P | --no-pager] [--no-replace-objects] [--bare]\n           [--git-dir=<path>] [--work-tree=<path>] [--namespace=<name>]\n           [--config-env=<name>=<envvar>] <command> [<args>]\n\nThese are common Git commands used in various situations:\n\nstart a working area (see also: git help tutorial)\n   clone     Clone a repository into a new directory\n   init      Create an empty Git repository or reinitialize an existing one\n\nwork on the current change (see also: git help everyday)\n   add       Add file contents to the index\n   mv        Move or rename a file, a directory, or a symlink\n   restore   Restore working tree files\n   rm        Remove files from the working tree and from the index\n\nexamine the history and state (see also: git help revisions)\n   bisect    Use binary search to find the commit that introduced a bug\n   diff      Show changes between commits, commit and working tree, etc\n   grep      Print lines matching a pattern\n   log       Show commit logs\n   show      Show various types of objects\n   status    Show the working tree status\n\ngrow, mark and tweak your common history\n   branch    List, create, or delete branches\n   commit    Record changes to the repository\n   merge     Join two or more development histories together\n   rebase    Reapply commits on top of another base tip\n   reset     Reset current HEAD to the specified state\n   switch    Switch branches\n   tag       Create, list, delete or verify a tag object signed with GPG\n\ncollaborate (see also: git help workflows)\n   fetch     Download objects and refs from another repository\n   pull      Fetch from and integrate with another repository or a local branch\n   push      Update remote refs along with associated objects\n\n'git help -a' and 'git help -g' list available subcommands and some\nconcept guides. See 'git help <command>' or 'git help <concept>'\nto read about a specific subcommand or concept.\nSee 'git help git' for an overview of the system.\n""
[0m15:35:23.636777 [debug] [MainThread]: STDERR: "b''"
[0m15:35:23.637237 [info ] [MainThread]:  - git [[32mOK found[0m]

[0m15:35:23.637805 [info ] [MainThread]: Connection test skipped since no profile was found
[0m15:35:23.638699 [info ] [MainThread]: [31m2 checks failed:[0m
[0m15:35:23.639118 [info ] [MainThread]: Could not load dbt_project.yml
Profile loading failed for the following reason:
Runtime Error
  Credentials in profile "netflix_rating_project", target "dev" invalid: Runtime Error
    Could not find adapter type snowflake!


[0m15:35:23.639544 [info ] [MainThread]: Project loading failed for the following reason:
 project path </Users/hado/Desktop/Career/Coding/Data Engineer/Project/real_estate_transformation/dbt_project.yml> not found

[0m15:35:23.642832 [debug] [MainThread]: Resource report: {"command_name": "debug", "command_success": false, "command_wall_clock_time": 0.41329378, "process_in_blocks": "0", "process_kernel_time": 0.206529, "process_mem_max_rss": "103129088", "process_out_blocks": "0", "process_user_time": 1.301887}
[0m15:35:23.643744 [debug] [MainThread]: Command `dbt debug` failed at 15:35:23.643435 after 0.41 seconds
[0m15:35:23.644285 [debug] [MainThread]: Sending event: {'category': 'dbt', 'action': 'invocation', 'label': 'end', 'context': [<snowplow_tracker.self_describing_json.SelfDescribingJson object at 0x1116bab10>, <snowplow_tracker.self_describing_json.SelfDescribingJson object at 0x111778710>, <snowplow_tracker.self_describing_json.SelfDescribingJson object at 0x111691f20>]}
[0m15:35:23.644739 [debug] [MainThread]: Flushing usage events
[0m15:35:24.028892 [debug] [MainThread]: An error was encountered while trying to flush usage events
[0m15:37:53.882924 [debug] [MainThread]: Sending event: {'category': 'dbt', 'action': 'invocation', 'label': 'start', 'context': [<snowplow_tracker.self_describing_json.SelfDescribingJson object at 0x10f7f3a10>, <snowplow_tracker.self_describing_json.SelfDescribingJson object at 0x1113b7d90>, <snowplow_tracker.self_describing_json.SelfDescribingJson object at 0x1113b7c50>]}


============================== 15:37:53.889222 | 7aaa2c2d-099d-4500-a128-fbe051bbfe13 ==============================
[0m15:37:53.889222 [info ] [MainThread]: Running with dbt=1.10.11
[0m15:37:53.889841 [debug] [MainThread]: running dbt with arguments {'introspect': 'True', 'log_cache_events': 'False', 'log_format': 'default', 'quiet': 'False', 'use_colors': 'True', 'profiles_dir': '/Users/hado/.dbt', 'write_json': 'True', 'cache_selected_only': 'False', 'invocation_command': 'dbt debug', 'send_anonymous_usage_stats': 'True', 'static_parser': 'True', 'empty': 'None', 'target_path': 'None', 'indirect_selection': 'eager', 'log_path': 'logs', 'warn_error': 'None', 'partial_parse': 'True', 'version_check': 'True', 'printer_width': '80', 'fail_fast': 'False', 'warn_error_options': 'WarnErrorOptionsV2(error=[], warn=[], silence=[])', 'no_print': 'None', 'debug': 'False', 'use_experimental_parser': 'False'}
[0m15:37:53.906351 [info ] [MainThread]: dbt version: 1.10.11
[0m15:37:53.906749 [info ] [MainThread]: python version: 3.13.5
[0m15:37:53.907008 [info ] [MainThread]: python path: /opt/anaconda3/envs/project_learning/bin/python3.13
[0m15:37:53.907251 [info ] [MainThread]: os info: macOS-10.16-x86_64-i386-64bit-Mach-O
[0m15:37:54.001974 [info ] [MainThread]: Using profiles dir at /Users/hado/.dbt
[0m15:37:54.002364 [info ] [MainThread]: Using profiles.yml file at /Users/hado/.dbt/profiles.yml
[0m15:37:54.002624 [info ] [MainThread]: Using dbt_project.yml file at /Users/hado/Desktop/Career/Coding/Data Engineer/Project/real_estate_transformation/dbt_project.yml
[0m15:37:54.002958 [error] [MainThread]: Encountered an error:
Internal Error
  Profile should not be None if loading profile completed
[0m15:37:54.005587 [debug] [MainThread]: Resource report: {"command_name": "debug", "command_success": false, "command_wall_clock_time": 0.21098812, "process_in_blocks": "0", "process_kernel_time": 0.220807, "process_mem_max_rss": "102686720", "process_out_blocks": "0", "process_user_time": 1.308635}
[0m15:37:54.006280 [debug] [MainThread]: Command `dbt debug` failed at 15:37:54.005984 after 0.21 seconds
[0m15:37:54.006640 [debug] [MainThread]: Sending event: {'category': 'dbt', 'action': 'invocation', 'label': 'end', 'context': [<snowplow_tracker.self_describing_json.SelfDescribingJson object at 0x1114eeb10>, <snowplow_tracker.self_describing_json.SelfDescribingJson object at 0x1115a4170>, <snowplow_tracker.self_describing_json.SelfDescribingJson object at 0x1114be030>]}
[0m15:37:54.006982 [debug] [MainThread]: Flushing usage events
[0m15:37:54.689026 [debug] [MainThread]: An error was encountered while trying to flush usage events
[0m15:48:18.591053 [debug] [MainThread]: Sending event: {'category': 'dbt', 'action': 'invocation', 'label': 'start', 'context': [<snowplow_tracker.self_describing_json.SelfDescribingJson object at 0x10d65fa10>, <snowplow_tracker.self_describing_json.SelfDescribingJson object at 0x10f1e7d90>, <snowplow_tracker.self_describing_json.SelfDescribingJson object at 0x10f1e7c50>]}


============================== 15:48:18.597450 | f719a7cf-babe-45ee-8082-5138ff3ca3b1 ==============================
[0m15:48:18.597450 [info ] [MainThread]: Running with dbt=1.10.11
[0m15:48:18.598027 [debug] [MainThread]: running dbt with arguments {'warn_error': 'None', 'introspect': 'True', 'fail_fast': 'False', 'invocation_command': 'dbt debug', 'write_json': 'True', 'partial_parse': 'True', 'log_format': 'default', 'indirect_selection': 'eager', 'log_path': 'logs', 'send_anonymous_usage_stats': 'True', 'profiles_dir': '/Users/hado/.dbt', 'debug': 'False', 'log_cache_events': 'False', 'warn_error_options': 'WarnErrorOptionsV2(error=[], warn=[], silence=[])', 'printer_width': '80', 'cache_selected_only': 'False', 'use_colors': 'True', 'target_path': 'None', 'static_parser': 'True', 'empty': 'None', 'quiet': 'False', 'no_print': 'None', 'use_experimental_parser': 'False', 'version_check': 'True'}
[0m15:48:18.615562 [info ] [MainThread]: dbt version: 1.10.11
[0m15:48:18.615995 [info ] [MainThread]: python version: 3.13.5
[0m15:48:18.616305 [info ] [MainThread]: python path: /opt/anaconda3/envs/project_learning/bin/python3.13
[0m15:48:18.616576 [info ] [MainThread]: os info: macOS-10.16-x86_64-i386-64bit-Mach-O
[0m15:48:18.707644 [info ] [MainThread]: Using profiles dir at /Users/hado/.dbt
[0m15:48:18.708031 [info ] [MainThread]: Using profiles.yml file at /Users/hado/.dbt/profiles.yml
[0m15:48:18.708291 [info ] [MainThread]: Using dbt_project.yml file at /Users/hado/Desktop/Career/Coding/Data Engineer/Project/real_estate_transformation/dbt_project.yml
[0m15:48:18.708617 [error] [MainThread]: Encountered an error:
Internal Error
  Profile should not be None if loading profile completed
[0m15:48:18.711434 [debug] [MainThread]: Resource report: {"command_name": "debug", "command_success": false, "command_wall_clock_time": 0.20614563, "process_in_blocks": "0", "process_kernel_time": 0.199416, "process_mem_max_rss": "104505344", "process_out_blocks": "0", "process_user_time": 1.298597}
[0m15:48:18.712112 [debug] [MainThread]: Command `dbt debug` failed at 15:48:18.711828 after 0.21 seconds
[0m15:48:18.712456 [debug] [MainThread]: Sending event: {'category': 'dbt', 'action': 'invocation', 'label': 'end', 'context': [<snowplow_tracker.self_describing_json.SelfDescribingJson object at 0x10f30ab10>, <snowplow_tracker.self_describing_json.SelfDescribingJson object at 0x10fa20170>, <snowplow_tracker.self_describing_json.SelfDescribingJson object at 0x10f2ea030>]}
[0m15:48:18.712777 [debug] [MainThread]: Flushing usage events
[0m15:48:19.475107 [debug] [MainThread]: An error was encountered while trying to flush usage events
[0m22:00:26.299053 [debug] [MainThread]: Sending event: {'category': 'dbt', 'action': 'invocation', 'label': 'start', 'context': [<snowplow_tracker.self_describing_json.SelfDescribingJson object at 0x10d75fa10>, <snowplow_tracker.self_describing_json.SelfDescribingJson object at 0x10f2e7d90>, <snowplow_tracker.self_describing_json.SelfDescribingJson object at 0x10f2e7c50>]}


============================== 22:00:26.305669 | 052b640a-1c3a-4b8e-a85d-bb1e1a7266a6 ==============================
[0m22:00:26.305669 [info ] [MainThread]: Running with dbt=1.10.11
[0m22:00:26.306341 [debug] [MainThread]: running dbt with arguments {'quiet': 'False', 'send_anonymous_usage_stats': 'True', 'use_colors': 'True', 'no_print': 'None', 'static_parser': 'True', 'warn_error': 'None', 'profiles_dir': '/Users/hado/.dbt', 'log_format': 'default', 'indirect_selection': 'eager', 'write_json': 'True', 'partial_parse': 'True', 'target_path': 'None', 'printer_width': '80', 'cache_selected_only': 'False', 'warn_error_options': 'WarnErrorOptionsV2(error=[], warn=[], silence=[])', 'log_path': 'logs', 'invocation_command': 'dbt run --select marts.dim', 'log_cache_events': 'False', 'introspect': 'True', 'empty': 'False', 'fail_fast': 'False', 'version_check': 'True', 'use_experimental_parser': 'False', 'debug': 'False'}
[0m22:00:26.306962 [error] [MainThread]: Encountered an error:
Runtime Error
  No dbt_project.yml found at expected path /Users/hado/Desktop/Career/Coding/Data Engineer/Project/real_estate_transformation/dbt_project.yml
  Verify that each entry within packages.yml (and their transitive dependencies) contains a file named dbt_project.yml
  
[0m22:00:26.309877 [debug] [MainThread]: Resource report: {"command_name": "run", "command_success": false, "command_wall_clock_time": 0.096002, "process_in_blocks": "0", "process_kernel_time": 0.169856, "process_mem_max_rss": "103555072", "process_out_blocks": "0", "process_user_time": 1.206256}
[0m22:00:26.310756 [debug] [MainThread]: Command `dbt run` failed at 22:00:26.310338 after 0.10 seconds
[0m22:00:26.311332 [debug] [MainThread]: Sending event: {'category': 'dbt', 'action': 'invocation', 'label': 'end', 'context': [<snowplow_tracker.self_describing_json.SelfDescribingJson object at 0x10f31e3f0>, <snowplow_tracker.self_describing_json.SelfDescribingJson object at 0x10f2029f0>, <snowplow_tracker.self_describing_json.SelfDescribingJson object at 0x10f1997b0>]}
[0m22:00:26.311705 [debug] [MainThread]: Flushing usage events
[0m22:00:26.682443 [debug] [MainThread]: An error was encountered while trying to flush usage events
